#
# A fatal error has been detected by the Java Runtime Environment:
#
#  EXCEPTION_ACCESS_VIOLATION (0xc0000005) at pc=0x50f882d9, pid=3112, tid=0x000035c4
#
# JRE version: Java(TM) SE Runtime Environment (8.0_181-b13) (build 1.8.0_181-b13)
# Java VM: Java HotSpot(TM) Client VM (25.181-b13 mixed mode windows-x86 )
# Problematic frame:
# V  [jvm.dll+0x1b82d9]
#
# Failed to write core dump. Minidumps are not enabled by default on client versions of Windows
#
# If you would like to submit a bug report, please visit:
#   http://bugreport.java.com/bugreport/crash.jsp
#

---------------  T H R E A D  ---------------

Current thread (0x25422400):  VMThread [stack: 0x25660000,0x256b0000] [id=13764]

siginfo: ExceptionCode=0xc0000005, reading address 0x0000008b

Registers:
EAX=0x1df74750, EBX=0x00000000, ECX=0x1d9dbcc0, EDX=0x00000003
ESP=0x256af09c, EBP=0x256af0b4, ESI=0x000003fe, EDI=0x1e046358
EIP=0x50f882d9, EFLAGS=0x00010206

Top of Stack: (sp=0x256af09c)
0x256af09c:   1df74750 2c85cc00 5113f7dc 00000000
0x256af0ac:   ffffffee 5113f7dc 256af0c0 50f884dc
0x256af0bc:   2c85cc04 256af2a8 50f4c0d3 2c85cc04
0x256af0cc:   00000001 2c85cc00 00000000 00000000
0x256af0dc:   256af32c 256af0fc 00000012 0000001d
0x256af0ec:   510ab3f4 256af320 5113f800 006af10c
0x256af0fc:   00000000 50e38ab8 02c0fa50 256af180
0x256af10c:   256af124 50e75f32 0000000a 275c6c3c 

Instructions: (pc=0x50f882d9)
0x50f882b9:   23 f0 29 35 60 f7 13 51 a3 5c f7 13 51 8b c7 eb
0x50f882c9:   09 48 a3 5c f7 13 51 8b 04 81 8b 48 04 8b 11 50
0x50f882d9:   8b 82 88 00 00 00 ff d0 8b 0d 68 f7 13 51 85 c9
0x50f882e9:   0f 85 51 ff ff ff a1 8c f7 13 51 85 c0 0f 84 b8 


Register to memory mapping:

EAX=0x1df74750 is pointing into object: 0x1df74740
com.google.common.cache.LocalCache$StrongAccessEntry 
 - klass: 'com/google/common/cache/LocalCache$StrongAccessEntry'
EBX=0x00000000 is an unknown value
ECX=0x1d9dbcc0 is an oop
com.google.common.cache.LocalCache$StrongValueReference 
 - klass: 'com/google/common/cache/LocalCache$StrongValueReference'
EDX=0x00000003 is an unknown value
ESP=0x256af09c is an unknown value
EBP=0x256af0b4 is an unknown value
ESI=0x000003fe is an unknown value
EDI=0x1e046358 is an oop
com.google.common.cache.LocalCache$StrongAccessEntry 
 - klass: 'com/google/common/cache/LocalCache$StrongAccessEntry'


Stack: [0x25660000,0x256b0000],  sp=0x256af09c,  free space=316k
Native frames: (J=compiled Java code, j=interpreted, Vv=VM code, C=native code)
V  [jvm.dll+0x1b82d9]
V  [jvm.dll+0x1b84dc]
V  [jvm.dll+0x17c0d3]
V  [jvm.dll+0x17abfa]
V  [jvm.dll+0x99970]
V  [jvm.dll+0x9ac61]
V  [jvm.dll+0x9c9a0]
V  [jvm.dll+0x9ce09]
V  [jvm.dll+0x9bc2f]
V  [jvm.dll+0xa7f42]
V  [jvm.dll+0x9a833]
V  [jvm.dll+0x947f5]
V  [jvm.dll+0x1bb716]
V  [jvm.dll+0x184b5b]
V  [jvm.dll+0x183f71]
V  [jvm.dll+0x184387]
V  [jvm.dll+0x184582]
V  [jvm.dll+0x1c5416]
C  [msvcr100.dll+0x5c556]
C  [msvcr100.dll+0x5c600]
C  [KERNEL32.DLL+0x16359]
C  [ntdll.dll+0x68964]
C  [ntdll.dll+0x68934]

VM_Operation (0x2fcbe658): GenCollectForAllocation, mode: safepoint, requested by thread 0x2c6e0c00


---------------  P R O C E S S  ---------------

Java Threads: ( => current thread )
  0x2c85cc00 JavaThread "WorkerExecutor Queue Thread 34" [_thread_blocked, id=10892, stack(0x2f650000,0x2f6a0000)]
  0x2c861800 JavaThread "WorkerExecutor Queue Thread 33" [_thread_blocked, id=3356, stack(0x2f0b0000,0x2f100000)]
  0x2c85e800 JavaThread "WorkerExecutor Queue Thread 32" [_thread_blocked, id=9404, stack(0x2e3a0000,0x2e3f0000)]
  0x2c85bc00 JavaThread "WorkerExecutor Queue Thread 31" [_thread_blocked, id=17364, stack(0x2e080000,0x2e0d0000)]
  0x2c860000 JavaThread "Exec process Thread 3" [_thread_blocked, id=3052, stack(0x2f530000,0x2f580000)]
  0x2c85f400 JavaThread "Exec process Thread 2" [_thread_blocked, id=18324, stack(0x2f410000,0x2f460000)]
  0x2c85e000 JavaThread "Exec process" [_thread_blocked, id=2360, stack(0x2f2f0000,0x2f340000)]
  0x2c85dc00 JavaThread "stdout" [_thread_in_native, id=14172, stack(0x30570000,0x305c0000)]
  0x2c85c000 JavaThread "stderr" [_thread_in_native, id=12468, stack(0x304e0000,0x30530000)]
  0x2c861400 JavaThread "stdout" [_thread_in_native, id=16264, stack(0x30450000,0x304a0000)]
  0x2c85a000 JavaThread "stderr" [_thread_in_native, id=14032, stack(0x303c0000,0x30410000)]
  0x2c85b000 JavaThread "stdout" [_thread_in_native, id=8060, stack(0x30330000,0x30380000)]
  0x2c85ec00 JavaThread "stderr" [_thread_in_native, id=18720, stack(0x302a0000,0x302f0000)]
  0x2c85a800 JavaThread "stdout" [_thread_in_native, id=10072, stack(0x30210000,0x30260000)]
  0x2c860c00 JavaThread "stderr" [_thread_in_native, id=8044, stack(0x30180000,0x301d0000)]
  0x2c85d400 JavaThread "stdout" [_thread_in_native, id=10956, stack(0x300f0000,0x30140000)]
  0x2c85b400 JavaThread "stderr" [_thread_in_native, id=14364, stack(0x30060000,0x300b0000)]
  0x2c73d400 JavaThread "stdout" [_thread_in_native, id=2640, stack(0x2ffd0000,0x30020000)]
  0x2c740400 JavaThread "stderr" [_thread_in_native, id=15516, stack(0x2ff40000,0x2ff90000)]
  0x2c73f000 JavaThread "stdout" [_thread_in_native, id=2228, stack(0x2feb0000,0x2ff00000)]
  0x2c73e400 JavaThread "stderr" [_thread_in_native, id=9296, stack(0x2fe20000,0x2fe70000)]
  0x2c6e2400 JavaThread "stdout" [_thread_in_native, id=18424, stack(0x2fd90000,0x2fde0000)]
  0x2c6df000 JavaThread "stderr" [_thread_in_native, id=9572, stack(0x2fd00000,0x2fd50000)]
  0x2c6e1c00 JavaThread "pool-2-thread-1" [_thread_blocked, id=8028, stack(0x2f4a0000,0x2f4f0000)]
  0x2c6e5c00 JavaThread "WorkerExecutor Queue Thread 29" [_thread_blocked, id=18808, stack(0x2f380000,0x2f3d0000)]
  0x2c6e4400 JavaThread "WorkerExecutor Queue Thread 26" [_thread_blocked, id=1408, stack(0x2e450000,0x2e4a0000)]
  0x2c6e0c00 JavaThread "WorkerExecutor Queue Thread 21" [_thread_blocked, id=2900, stack(0x2fc70000,0x2fcc0000)]
  0x2c6e3800 JavaThread "WorkerExecutor Queue Thread 17" [_thread_blocked, id=10664, stack(0x2e210000,0x2e260000)]
  0x2c740c00 JavaThread "RMI TCP Accept-0" daemon [_thread_in_native, id=8076, stack(0x2f5c0000,0x2f610000)]
  0x2c6e6400 JavaThread "RMI Reaper" [_thread_blocked, id=5424, stack(0x2f260000,0x2f2b0000)]
  0x2c6e4800 JavaThread "RMI TCP Accept-0" daemon [_thread_in_native, id=12464, stack(0x2f1d0000,0x2f220000)]
  0x2c6e3000 JavaThread "GC Daemon" daemon [_thread_blocked, id=19232, stack(0x2f140000,0x2f190000)]
  0x2c6e1000 JavaThread "RMI Scheduler(0)" daemon [_thread_blocked, id=11392, stack(0x2ee20000,0x2ee70000)]
  0x2c6e2c00 JavaThread "Cache worker for Java compile cache (D:\SumViet\ejectExpoProject\customer-buyer\android\.gradle\6.3\javaCompile)" [_thread_blocked, id=3568, stack(0x2e790000,0x2e7e0000)]
  0x2c6e0400 JavaThread "Cache worker for Java compile cache (C:\Users\ASUS\.gradle\caches\6.3\javaCompile)" [_thread_blocked, id=19408, stack(0x2e700000,0x2e750000)]
  0x2c6e5000 JavaThread "Cache worker for execution history cache (D:\SumViet\ejectExpoProject\customer-buyer\android\.gradle\6.3\executionHistory)" [_thread_blocked, id=17332, stack(0x2def0000,0x2df40000)]
  0x2c6df800 JavaThread "Execution worker for ':' Thread 7" [_thread_blocked, id=3832, stack(0x2de60000,0x2deb0000)]
  0x26c26000 JavaThread "Execution worker for ':' Thread 6" [_thread_blocked, id=7732, stack(0x2ddd0000,0x2de20000)]
  0x26c25c00 JavaThread "Execution worker for ':' Thread 5" [_thread_blocked, id=13484, stack(0x2dd40000,0x2dd90000)]
  0x26c25400 JavaThread "Execution worker for ':' Thread 4" [_thread_blocked, id=19332, stack(0x2dcb0000,0x2dd00000)]
  0x26c2c800 JavaThread "Execution worker for ':' Thread 3" [_thread_blocked, id=17596, stack(0x2dc20000,0x2dc70000)]
  0x26c2b800 JavaThread "Execution worker for ':' Thread 2" [_thread_blocked, id=11468, stack(0x2db90000,0x2dbe0000)]
  0x26c2b400 JavaThread "Execution worker for ':'" [_thread_blocked, id=212, stack(0x2db00000,0x2db50000)]
  0x26c2ac00 JavaThread "Cache worker for file content cache (D:\SumViet\ejectExpoProject\customer-buyer\android\.gradle\6.3\fileContent)" [_thread_blocked, id=19368, stack(0x2d870000,0x2d8c0000)]
  0x26c2a800 JavaThread "Cache worker for file content cache (C:\Users\ASUS\.gradle\caches\6.3\fileContent)" [_thread_blocked, id=10704, stack(0x2d820000,0x2d870000)]
  0x26c2a000 JavaThread "Memory manager" [_thread_blocked, id=3648, stack(0x2bd00000,0x2bd50000)]
  0x26c27000 JavaThread "Cache worker for Build Output Cleanup Cache (D:\SumViet\ejectExpoProject\customer-buyer\android\.gradle\buildOutputCleanup)" [_thread_blocked, id=10880, stack(0x2b570000,0x2b5c0000)]
  0x26c29c00 JavaThread "pool-1-thread-1" [_thread_blocked, id=17492, stack(0x2b2e0000,0x2b330000)]
  0x26c29400 JavaThread "Build operations Thread 8" [_thread_blocked, id=10992, stack(0x2b050000,0x2b0a0000)]
  0x26c28000 JavaThread "Build operations Thread 7" [_thread_blocked, id=896, stack(0x2afc0000,0x2b010000)]
  0x26c27400 JavaThread "Build operations Thread 6" [_thread_blocked, id=10792, stack(0x2af30000,0x2af80000)]
  0x26c28c00 JavaThread "Build operations Thread 5" [_thread_blocked, id=11300, stack(0x2aea0000,0x2aef0000)]
  0x26c26800 JavaThread "Build operations Thread 4" [_thread_blocked, id=9008, stack(0x2ae10000,0x2ae60000)]
  0x26c2c000 JavaThread "Build operations Thread 3" [_thread_blocked, id=18480, stack(0x2ad80000,0x2add0000)]
  0x26c2cc00 JavaThread "Build operations Thread 2" [_thread_blocked, id=15816, stack(0x2acf0000,0x2ad40000)]
  0x26c27c00 JavaThread "Build operations" [_thread_blocked, id=11136, stack(0x2ac60000,0x2acb0000)]
  0x26e65800 JavaThread "Cache worker for execution history cache (C:\Users\ASUS\.gradle\caches\6.3\executionHistory)" [_thread_blocked, id=12444, stack(0x28fe0000,0x29030000)]
  0x26e67400 JavaThread "Cache worker for cache directory md-rule (C:\Users\ASUS\.gradle\caches\6.3\md-rule)" [_thread_blocked, id=3828, stack(0x28f50000,0x28fa0000)]
  0x26e68c00 JavaThread "Cache worker for cache directory md-supplier (C:\Users\ASUS\.gradle\caches\6.3\md-supplier)" [_thread_blocked, id=13376, stack(0x28dc0000,0x28e10000)]
  0x26e66c00 JavaThread "Cache worker for file hash cache (D:\SumViet\ejectExpoProject\customer-buyer\android\.gradle\6.3\fileHashes)" [_thread_blocked, id=4160, stack(0x28c30000,0x28c80000)]
  0x26e66800 JavaThread "Cache worker for checksums cache (D:\SumViet\ejectExpoProject\customer-buyer\android\.gradle\checksums)" [_thread_blocked, id=3968, stack(0x28ba0000,0x28bf0000)]
  0x26e67800 JavaThread "Cache worker for file hash cache (C:\Users\ASUS\.gradle\caches\6.3\fileHashes)" [_thread_blocked, id=3608, stack(0x28810000,0x28860000)]
  0x26e68400 JavaThread "File lock request listener" [_thread_in_native, id=6332, stack(0x28780000,0x287d0000)]
  0x26e66000 JavaThread "Cache worker for journal cache (C:\Users\ASUS\.gradle\caches\journal-1)" [_thread_blocked, id=17472, stack(0x286f0000,0x28740000)]
  0x26cc6800 JavaThread "Thread-9" [_thread_blocked, id=17824, stack(0x28560000,0x285b0000)]
  0x26cc6000 JavaThread "Stdin handler" [_thread_blocked, id=9776, stack(0x283d0000,0x28420000)]
  0x26d45800 JavaThread "Asynchronous log dispatcher for DefaultDaemonConnection: socket connection from /127.0.0.1:49547 to /127.0.0.1:49548" [_thread_blocked, id=12432, stack(0x28340000,0x28390000)]
  0x255bb800 JavaThread "Daemon worker" [_thread_blocked, id=19160, stack(0x282b0000,0x28300000)]
  0x255bc800 JavaThread "Cancel handler" [_thread_blocked, id=11780, stack(0x28220000,0x28270000)]
  0x255f3800 JavaThread "Handler for socket connection from /127.0.0.1:49547 to /127.0.0.1:49548" [_thread_in_native, id=5808, stack(0x28190000,0x281e0000)]
  0x26c7a400 JavaThread "Daemon" [_thread_blocked, id=11492, stack(0x28100000,0x28150000)]
  0x255ed000 JavaThread "Daemon periodic checks" [_thread_blocked, id=11944, stack(0x28070000,0x280c0000)]
  0x26c52c00 JavaThread "Incoming local TCP Connector on port 49547" [_thread_in_native, id=1240, stack(0x27ea0000,0x27ef0000)]
  0x26b87000 JavaThread "Daemon health stats" [_thread_blocked, id=5244, stack(0x279d0000,0x27a20000)]
  0x2545b800 JavaThread "Service Thread" daemon [_thread_blocked, id=19444, stack(0x25ac0000,0x25b10000)]
  0x25453000 JavaThread "C1 CompilerThread0" daemon [_thread_blocked, id=14620, stack(0x25a30000,0x25a80000)]
  0x25452400 JavaThread "Attach Listener" daemon [_thread_blocked, id=18716, stack(0x259a0000,0x259f0000)]
  0x2543f800 JavaThread "Signal Dispatcher" daemon [_thread_blocked, id=10964, stack(0x25910000,0x25960000)]
  0x2543c800 JavaThread "Finalizer" daemon [_thread_blocked, id=18872, stack(0x25780000,0x257d0000)]
  0x25436800 JavaThread "Reference Handler" daemon [_thread_blocked, id=16104, stack(0x256f0000,0x25740000)]
  0x02c50400 JavaThread "main" [_thread_blocked, id=14556, stack(0x02bc0000,0x02c10000)]

Other Threads:
=>0x25422400 VMThread [stack: 0x25660000,0x256b0000] [id=13764]
  0x2545ec00 WatcherThread [stack: 0x25b50000,0x25ba0000] [id=2232]

VM state:at safepoint (normal execution)

VM Mutex/Monitor currently owned by a thread:  ([mutex/lock_event])
[0x02bbe2e0] Threads_lock - owner thread: 0x25422400
[0x02bbe480] Heap_lock - owner thread: 0x2c6e0c00

Heap:
 def new generation   total 157248K, used 145340K [0x04e00000, 0x0f8a0000, 0x0f8a0000)
  eden space 139776K, 100% used [0x04e00000, 0x0d680000, 0x0d680000)
  from space 17472K,  31% used [0x0d680000, 0x0dbef078, 0x0e790000)
  to   space 17472K,   0% used [0x0e790000, 0x0e790000, 0x0f8a0000)
 tenured generation   total 349568K, used 338438K [0x0f8a0000, 0x24e00000, 0x24e00000)
   the space 349568K,  96% used [0x0f8a0000, 0x24321840, 0x24321a00, 0x24e00000)
 Metaspace       used 64228K, capacity 68411K, committed 68480K, reserved 68992K

Card table byte_map: [0x24e00000,0x24f10000] byte_map_base: 0x24dd9000

Polling page: 0x02b20000

CodeCache: size=32768Kb used=13029Kb max_used=13167Kb free=19739Kb
 bounds [0x02d50000, 0x03a60000, 0x04d50000]
 total_blobs=7746 nmethods=7270 adapters=405
 compilation: enabled

Compilation events (10 events):
Event: 269.908 Thread 0x25453000 21046             com.android.tools.r8.ir.code.CheckCast::instructionTypeCanThrow (2 bytes)
Event: 269.908 Thread 0x25453000 nmethod 21046 0x0369da88 code [0x0369db80, 0x0369dc00]
Event: 269.908 Thread 0x25453000 21047             com.android.tools.r8.m.a.a.b.P::a (47 bytes)
Event: 269.908 Thread 0x25453000 nmethod 21047 0x0369d6c8 code [0x0369d7e0, 0x0369d93c]
Event: 269.908 Thread 0x25453000 21048             com.android.tools.r8.ir.code.ConstString::<init> (16 bytes)
Event: 269.913 Thread 0x25453000 nmethod 21048 0x0369d488 code [0x0369d580, 0x0369d63c]
Event: 269.923 Thread 0x25453000 21049             com.android.tools.r8.ir.analysis.type.SingleTypeLatticeElement::equals (11 bytes)
Event: 269.923 Thread 0x25453000 nmethod 21049 0x031c3d08 code [0x031c3e00, 0x031c3e90]
Event: 269.932 Thread 0x25453000 21050             java.util.HashMap$Node::getKey (5 bytes)
Event: 269.932 Thread 0x25453000 nmethod 21050 0x031c3b48 code [0x031c3c40, 0x031c3cc0]

GC Heap History (10 events):
Event: 263.400 GC heap after
Heap after GC invocations=233 (full 17):
 def new generation   total 157248K, used 11371K [0x04e00000, 0x0f8a0000, 0x0f8a0000)
  eden space 139776K,   0% used [0x04e00000, 0x04e00000, 0x0d680000)
  from space 17472K,  65% used [0x0d680000, 0x0e19af30, 0x0e790000)
  to   space 17472K,   0% used [0x0e790000, 0x0e790000, 0x0f8a0000)
 tenured generation   total 349568K, used 287293K [0x0f8a0000, 0x24e00000, 0x24e00000)
   the space 349568K,  82% used [0x0f8a0000, 0x2112f628, 0x2112f800, 0x24e00000)
 Metaspace       used 59024K, capacity 62376K, committed 66176K, reserved 66944K
}
Event: 265.860 GC heap before
{Heap before GC invocations=233 (full 17):
 def new generation   total 157248K, used 151147K [0x04e00000, 0x0f8a0000, 0x0f8a0000)
  eden space 139776K, 100% used [0x04e00000, 0x0d680000, 0x0d680000)
  from space 17472K,  65% used [0x0d680000, 0x0e19af30, 0x0e790000)
  to   space 17472K,   0% used [0x0e790000, 0x0e790000, 0x0f8a0000)
 tenured generation   total 349568K, used 287293K [0x0f8a0000, 0x24e00000, 0x24e00000)
   the space 349568K,  82% used [0x0f8a0000, 0x2112f628, 0x2112f800, 0x24e00000)
 Metaspace       used 59446K, capacity 62867K, committed 66176K, reserved 66944K
Event: 265.915 GC heap after
Heap after GC invocations=234 (full 17):
 def new generation   total 157248K, used 7116K [0x04e00000, 0x0f8a0000, 0x0f8a0000)
  eden space 139776K,   0% used [0x04e00000, 0x04e00000, 0x0d680000)
  from space 17472K,  40% used [0x0e790000, 0x0ee83230, 0x0f8a0000)
  to   space 17472K,   0% used [0x0d680000, 0x0d680000, 0x0e790000)
 tenured generation   total 349568K, used 296401K [0x0f8a0000, 0x24e00000, 0x24e00000)
   the space 349568K,  84% used [0x0f8a0000, 0x21a14758, 0x21a14800, 0x24e00000)
 Metaspace       used 59446K, capacity 62867K, committed 66176K, reserved 66944K
}
Event: 267.461 GC heap before
{Heap before GC invocations=234 (full 17):
 def new generation   total 157248K, used 146892K [0x04e00000, 0x0f8a0000, 0x0f8a0000)
  eden space 139776K, 100% used [0x04e00000, 0x0d680000, 0x0d680000)
  from space 17472K,  40% used [0x0e790000, 0x0ee83230, 0x0f8a0000)
  to   space 17472K,   0% used [0x0d680000, 0x0d680000, 0x0e790000)
 tenured generation   total 349568K, used 296401K [0x0f8a0000, 0x24e00000, 0x24e00000)
   the space 349568K,  84% used [0x0f8a0000, 0x21a14758, 0x21a14800, 0x24e00000)
 Metaspace       used 60405K, capacity 63858K, committed 66176K, reserved 66944K
Event: 267.539 GC heap after
Heap after GC invocations=235 (full 17):
 def new generation   total 157248K, used 17472K [0x04e00000, 0x0f8a0000, 0x0f8a0000)
  eden space 139776K,   0% used [0x04e00000, 0x04e00000, 0x0d680000)
  from space 17472K, 100% used [0x0d680000, 0x0e790000, 0x0e790000)
  to   space 17472K,   0% used [0x0e790000, 0x0e790000, 0x0f8a0000)
 tenured generation   total 349568K, used 303404K [0x0f8a0000, 0x24e00000, 0x24e00000)
   the space 349568K,  86% used [0x0f8a0000, 0x220eb340, 0x220eb400, 0x24e00000)
 Metaspace       used 60405K, capacity 63858K, committed 66176K, reserved 66944K
}
Event: 268.295 GC heap before
{Heap before GC invocations=235 (full 17):
 def new generation   total 157248K, used 157248K [0x04e00000, 0x0f8a0000, 0x0f8a0000)
  eden space 139776K, 100% used [0x04e00000, 0x0d680000, 0x0d680000)
  from space 17472K, 100% used [0x0d680000, 0x0e790000, 0x0e790000)
  to   space 17472K,   0% used [0x0e790000, 0x0e790000, 0x0f8a0000)
 tenured generation   total 349568K, used 303404K [0x0f8a0000, 0x24e00000, 0x24e00000)
   the space 349568K,  86% used [0x0f8a0000, 0x220eb340, 0x220eb400, 0x24e00000)
 Metaspace       used 63419K, capacity 67409K, committed 67456K, reserved 67968K
Event: 268.414 GC heap after
Heap after GC invocations=236 (full 17):
 def new generation   total 157248K, used 17472K [0x04e00000, 0x0f8a0000, 0x0f8a0000)
  eden space 139776K,   0% used [0x04e00000, 0x04e00000, 0x0d680000)
  from space 17472K, 100% used [0x0e790000, 0x0f8a0000, 0x0f8a0000)
  to   space 17472K,   0% used [0x0d680000, 0x0d680000, 0x0e790000)
 tenured generation   total 349568K, used 324030K [0x0f8a0000, 0x24e00000, 0x24e00000)
   the space 349568K,  92% used [0x0f8a0000, 0x2350f928, 0x2350fa00, 0x24e00000)
 Metaspace       used 63419K, capacity 67409K, committed 67456K, reserved 67968K
}
Event: 269.221 GC heap before
{Heap before GC invocations=236 (full 17):
 def new generation   total 157248K, used 157248K [0x04e00000, 0x0f8a0000, 0x0f8a0000)
  eden space 139776K, 100% used [0x04e00000, 0x0d680000, 0x0d680000)
  from space 17472K, 100% used [0x0e790000, 0x0f8a0000, 0x0f8a0000)
  to   space 17472K,   0% used [0x0d680000, 0x0d680000, 0x0e790000)
 tenured generation   total 349568K, used 324030K [0x0f8a0000, 0x24e00000, 0x24e00000)
   the space 349568K,  92% used [0x0f8a0000, 0x2350f928, 0x2350fa00, 0x24e00000)
 Metaspace       used 64108K, capacity 68287K, committed 68352K, reserved 68992K
Event: 269.329 GC heap after
Heap after GC invocations=237 (full 17):
 def new generation   total 157248K, used 5564K [0x04e00000, 0x0f8a0000, 0x0f8a0000)
  eden space 139776K,   0% used [0x04e00000, 0x04e00000, 0x0d680000)
  from space 17472K,  31% used [0x0d680000, 0x0dbef078, 0x0e790000)
  to   space 17472K,   0% used [0x0e790000, 0x0e790000, 0x0f8a0000)
 tenured generation   total 349568K, used 338438K [0x0f8a0000, 0x24e00000, 0x24e00000)
   the space 349568K,  96% used [0x0f8a0000, 0x24321840, 0x24321a00, 0x24e00000)
 Metaspace       used 64108K, capacity 68287K, committed 68352K, reserved 68992K
}
Event: 269.938 GC heap before
{Heap before GC invocations=237 (full 17):
 def new generation   total 157248K, used 145340K [0x04e00000, 0x0f8a0000, 0x0f8a0000)
  eden space 139776K, 100% used [0x04e00000, 0x0d680000, 0x0d680000)
  from space 17472K,  31% used [0x0d680000, 0x0dbef078, 0x0e790000)
  to   space 17472K,   0% used [0x0e790000, 0x0e790000, 0x0f8a0000)
 tenured generation   total 349568K, used 338438K [0x0f8a0000, 0x24e00000, 0x24e00000)
   the space 349568K,  96% used [0x0f8a0000, 0x24321840, 0x24321a00, 0x24e00000)
 Metaspace       used 64228K, capacity 68411K, committed 68480K, reserved 68992K

Deoptimization events (0 events):
No events

Classes redefined (0 events):
No events

Internal exceptions (10 events):
Event: 269.083 Thread 0x2c6e5c00 Exception <a 'sun/nio/fs/WindowsException'> (0x0c01b118) thrown at [C:\workspace\8-2-build-windows-i586-cygwin\jdk8u181\11358\hotspot\src\share\vm\prims\jni.cpp, line 709]
Event: 269.399 Thread 0x255bb800 Exception <a 'sun/nio/fs/WindowsException'> (0x050f00b0) thrown at [C:\workspace\8-2-build-windows-i586-cygwin\jdk8u181\11358\hotspot\src\share\vm\prims\jni.cpp, line 709]
Event: 269.432 Thread 0x2c6e3800 Exception <a 'sun/nio/fs/WindowsException'> (0x05fc63b0) thrown at [C:\workspace\8-2-build-windows-i586-cygwin\jdk8u181\11358\hotspot\src\share\vm\prims\jni.cpp, line 709]
Event: 269.433 Thread 0x2c6e3800 Exception <a 'sun/nio/fs/WindowsException'> (0x05fc7b38) thrown at [C:\workspace\8-2-build-windows-i586-cygwin\jdk8u181\11358\hotspot\src\share\vm\prims\jni.cpp, line 709]
Event: 269.586 Thread 0x2c6e4400 Exception <a 'sun/nio/fs/WindowsException'> (0x07de35a0) thrown at [C:\workspace\8-2-build-windows-i586-cygwin\jdk8u181\11358\hotspot\src\share\vm\prims\jni.cpp, line 709]
Event: 269.586 Thread 0x2c6e4400 Exception <a 'sun/nio/fs/WindowsException'> (0x07de4db8) thrown at [C:\workspace\8-2-build-windows-i586-cygwin\jdk8u181\11358\hotspot\src\share\vm\prims\jni.cpp, line 709]
Event: 269.650 Thread 0x26c25400 Exception <a 'sun/nio/fs/WindowsException'> (0x07ef0698) thrown at [C:\workspace\8-2-build-windows-i586-cygwin\jdk8u181\11358\hotspot\src\share\vm\prims\jni.cpp, line 709]
Event: 269.742 Thread 0x26c2b400 Exception <a 'sun/nio/fs/WindowsException'> (0x09677ea0) thrown at [C:\workspace\8-2-build-windows-i586-cygwin\jdk8u181\11358\hotspot\src\share\vm\prims\jni.cpp, line 709]
Event: 269.804 Thread 0x26c2b800 Exception <a 'sun/nio/fs/WindowsException'> (0x09b002a0) thrown at [C:\workspace\8-2-build-windows-i586-cygwin\jdk8u181\11358\hotspot\src\share\vm\prims\jni.cpp, line 709]
Event: 269.906 Thread 0x2c6df800 Exception <a 'sun/nio/fs/WindowsException'> (0x0cc3b0f0) thrown at [C:\workspace\8-2-build-windows-i586-cygwin\jdk8u181\11358\hotspot\src\share\vm\prims\jni.cpp, line 709]

Events (10 events):
Event: 269.933 Thread 0x25453000 flushing nmethod 0x03638d48
Event: 269.933 Thread 0x25453000 flushing nmethod 0x03639f48
Event: 269.933 Thread 0x25453000 flushing nmethod 0x0363b208
Event: 269.933 Thread 0x25453000 flushing nmethod 0x0363bb88
Event: 269.933 Thread 0x25453000 flushing nmethod 0x0363c248
Event: 269.933 Thread 0x25453000 flushing nmethod 0x0363c488
Event: 269.933 Thread 0x25453000 flushing nmethod 0x0363cc08
Event: 269.935 Thread 0x25453000 flushing nmethod 0x03787b88
Event: 269.937 Executing VM operation: GenCollectForAllocation
Event: 269.937 Thread 0x2c85cc00 Thread added: 0x2c85cc00


Dynamic libraries:
0x00220000 - 0x00253000 	C:\Program Files (x86)\Java\jdk1.8.0_181\bin\java.exe
0x77cc0000 - 0x77e5a000 	C:\WINDOWS\SYSTEM32\ntdll.dll
0x76580000 - 0x76660000 	C:\WINDOWS\System32\KERNEL32.DLL
0x76a90000 - 0x76c8f000 	C:\WINDOWS\System32\KERNELBASE.dll
0x75320000 - 0x753bf000 	C:\WINDOWS\SYSTEM32\apphelp.dll
0x75a50000 - 0x75ac9000 	C:\WINDOWS\System32\ADVAPI32.dll
0x76e70000 - 0x76f2f000 	C:\WINDOWS\System32\msvcrt.dll
0x76f60000 - 0x76fd6000 	C:\WINDOWS\System32\sechost.dll
0x75bd0000 - 0x75c8b000 	C:\WINDOWS\System32\RPCRT4.dll
0x75480000 - 0x754a5000 	C:\WINDOWS\System32\SspiCli.dll
0x75470000 - 0x7547a000 	C:\WINDOWS\System32\CRYPTBASE.dll
0x76490000 - 0x764f0000 	C:\WINDOWS\System32\bcryptPrimitives.dll
0x775b0000 - 0x77748000 	C:\WINDOWS\System32\USER32.dll
0x76f40000 - 0x76f57000 	C:\WINDOWS\System32\win32u.dll
0x76660000 - 0x76681000 	C:\WINDOWS\System32\GDI32.dll
0x76c90000 - 0x76ded000 	C:\WINDOWS\System32\gdi32full.dll
0x766e0000 - 0x7675c000 	C:\WINDOWS\System32\msvcp_win.dll
0x77260000 - 0x77380000 	C:\WINDOWS\System32\ucrtbase.dll
0x70730000 - 0x7093f000 	C:\WINDOWS\WinSxS\x86_microsoft.windows.common-controls_6595b64144ccf1df_6.0.18362.1440_none_e62af690f8dab76d\COMCTL32.dll
0x76fe0000 - 0x77257000 	C:\WINDOWS\System32\combase.dll
0x76550000 - 0x76575000 	C:\WINDOWS\System32\IMM32.DLL
0x511b0000 - 0x5126f000 	C:\Program Files (x86)\Java\jdk1.8.0_181\jre\bin\msvcr100.dll
0x50dd0000 - 0x511a3000 	C:\Program Files (x86)\Java\jdk1.8.0_181\jre\bin\client\jvm.dll
0x76860000 - 0x76866000 	C:\WINDOWS\System32\PSAPI.DLL
0x75220000 - 0x75244000 	C:\WINDOWS\SYSTEM32\WINMM.dll
0x75250000 - 0x75258000 	C:\WINDOWS\SYSTEM32\VERSION.dll
0x749e0000 - 0x749e8000 	C:\WINDOWS\SYSTEM32\WSOCK32.dll
0x750e0000 - 0x75103000 	C:\WINDOWS\SYSTEM32\WINMMBASE.dll
0x76870000 - 0x768ce000 	C:\WINDOWS\System32\WS2_32.dll
0x76820000 - 0x7685b000 	C:\WINDOWS\System32\cfgmgr32.dll
0x50dc0000 - 0x50dcc000 	C:\Program Files (x86)\Java\jdk1.8.0_181\jre\bin\verify.dll
0x50d90000 - 0x50db2000 	C:\Program Files (x86)\Java\jdk1.8.0_181\jre\bin\java.dll
0x50d70000 - 0x50d84000 	C:\Program Files (x86)\Java\jdk1.8.0_181\jre\bin\zip.dll
0x754d0000 - 0x75a4b000 	C:\WINDOWS\System32\SHELL32.dll
0x75b40000 - 0x75bc3000 	C:\WINDOWS\System32\shcore.dll
0x75eb0000 - 0x7646f000 	C:\WINDOWS\System32\windows.storage.dll
0x76a70000 - 0x76a87000 	C:\WINDOWS\System32\profapi.dll
0x75af0000 - 0x75b33000 	C:\WINDOWS\System32\powrprof.dll
0x769d0000 - 0x769dd000 	C:\WINDOWS\System32\UMPDC.dll
0x76690000 - 0x766d4000 	C:\WINDOWS\System32\shlwapi.dll
0x75d90000 - 0x75d9f000 	C:\WINDOWS\System32\kernel.appcore.dll
0x76470000 - 0x76483000 	C:\WINDOWS\System32\cryptsp.dll
0x50d50000 - 0x50d65000 	C:\Program Files (x86)\Java\jdk1.8.0_181\jre\bin\net.dll
0x74960000 - 0x749b2000 	C:\WINDOWS\system32\mswsock.dll
0x50d40000 - 0x50d4f000 	C:\Program Files (x86)\Java\jdk1.8.0_181\jre\bin\nio.dll
0x50d10000 - 0x50d31000 	C:\Users\ASUS\.gradle\native\c976cfcca226fdd4bee4412e95191dd41148b7504f9625baeda1d523bc39a967\windows-i386\native-platform.dll
0x50cf0000 - 0x50cfa000 	C:\Program Files (x86)\Java\jdk1.8.0_181\jre\bin\management.dll
0x73700000 - 0x7372f000 	C:\WINDOWS\system32\rsaenh.dll
0x754b0000 - 0x754c9000 	C:\WINDOWS\System32\bcrypt.dll
0x75450000 - 0x7546e000 	C:\WINDOWS\SYSTEM32\USERENV.dll
0x751e0000 - 0x75212000 	C:\WINDOWS\SYSTEM32\IPHLPAPI.DLL
0x76f30000 - 0x76f37000 	C:\WINDOWS\System32\NSI.dll
0x72c90000 - 0x72ca3000 	C:\WINDOWS\SYSTEM32\dhcpcsvc6.DLL
0x72cb0000 - 0x72cc5000 	C:\WINDOWS\SYSTEM32\dhcpcsvc.DLL
0x73220000 - 0x732b3000 	C:\WINDOWS\SYSTEM32\DNSAPI.dll
0x50c30000 - 0x50c49000 	C:\Users\ASUS\AppData\Local\Temp\native-platform2739760609138456824dir\native-platform.dll
0x72f60000 - 0x72f89000 	C:\WINDOWS\SYSTEM32\ntmarta.dll
0x50c10000 - 0x50c29000 	C:\Users\ASUS\AppData\Local\Temp\native-platform849641418252033071dir\native-platform.dll
0x6faf0000 - 0x6fc7f000 	C:\WINDOWS\SYSTEM32\dbghelp.dll

VM Arguments:
jvm_args: -XX:MaxPermSize=512m -XX:+HeapDumpOnOutOfMemoryError -Xmx2048m -Dfile.encoding=UTF-8 -Duser.country=US -Duser.language=en -Duser.variant -Xmx512M 
java_command: org.gradle.launcher.daemon.bootstrap.GradleDaemon 6.3
java_class_path (initial): C:\Users\ASUS\.gradle\wrapper\dists\gradle-6.3-all\b4awcolw9l59x95tu1obfh9i8\gradle-6.3\lib\gradle-launcher-6.3.jar
Launcher Type: SUN_STANDARD

Environment Variables:
JAVA_HOME=C:\Program Files (x86)\Java\jdk1.8.0_181
_JAVA_OPTIONS=-Xmx512M
CLASSPATH=D:\SumViet\ejectExpoProject\customer-buyer\android\\gradle\wrapper\gradle-wrapper.jar
USERNAME=ASUS
OS=Windows_NT
PROCESSOR_IDENTIFIER=Intel64 Family 6 Model 142 Stepping 10, GenuineIntel



---------------  S Y S T E M  ---------------

OS: Windows 10.0 , 64 bit Build 18362 (10.0.18362.1350)

CPU:total 8 (initial active 8) (4 cores per cpu, 2 threads per core) family 6 model 142 stepping 10, cmov, cx8, fxsr, mmx, sse, sse2, sse3, ssse3, sse4.1, sse4.2, popcnt, avx, avx2, aes, clmul, erms, 3dnowpref, lzcnt, ht, tsc, tscinvbit, bmi1, bmi2, adx

Memory: 4k page, physical 8268568k(1002808k free), swap 14822168k(3818208k free)

vm_info: Java HotSpot(TM) Client VM (25.181-b13) for windows-x86 JRE (1.8.0_181-b13), built on Jul  7 2018 03:18:20 by "java_re" with MS VC++ 10.0 (VS2010)

time: Fri Apr 16 12:51:37 2021
elapsed time: 270 seconds (0d 0h 4m 30s)

